let T0 := ?T0 in
fun (R : ?T0 -> ?T1 -> Prop) (k : ?T2 -> ?T3 -> ?T6) 
  (m : ?T3 -> ?T4 -> ?T5) (n : ?T2 -> ?T5 -> ?T0) 
  (p : ?T6 -> ?T4 -> ?T1) =>
forall (x : ?T2) (y : ?T3) (z : ?T4), R (n x (m y z)) (p (k x y) z)
     : forall (R : ?T0 -> ?T1 -> Prop) (k : ?T2 -> ?T3 -> ?T6),
       (?T3 -> ?T4 -> ?T5) ->
       (?T2 -> ?T5 -> ?T0) -> (?T6 -> ?T4 -> ?T1) -> Prop
where
?T : [ |- Type]
?T0 : [ |- ?T]
?T0 : [T0 := ?T0 : ?T |- Type]
?T1 : [T0 := ?T0 : ?T |- Type]
?T2 : [T0 := ?T0 : ?T  R : ?T0 -> ?T1 -> Prop |- Type]
?T3 : [T0 := ?T0 : ?T  R : ?T0 -> ?T1 -> Prop |- Type]
?T4 : [T0 := ?T0 : ?T  R : ?T0 -> ?T1 -> Prop  k : ?T2 -> ?T3 -> ?T6 |- Type]
?T5 : [T0 := ?T0 : ?T
       R : ?T0 -> ?T1 -> Prop
       k : ?T2 -> ?T3 -> ?T6
       m : ?T3 -> ?T4 -> ?T5 |- Type] (m cannot be used)
?T6 : [T0 := ?T0 : ?T
       R : ?T0 -> ?T1 -> Prop
       k : ?T2 -> ?T3 -> ?T6
       m : ?T3 -> ?T4 -> ?T5
       n : ?T2 -> ?T5 -> ?T0 |- Type] (k, m, n cannot be used)
