let T0 := ?T0 in
fun (R : ?T0 -> ?T1 -> Prop) (f : ?T2 -> ?T4) (g : ?T3 -> ?T1)
  (k : ?T4 -> ?T5 -> ?T0) (m : ?T2 -> ?T5 -> ?T3) =>
forall (x : ?T2) (y : ?T5), R (k (f x) y) (g (m x y))
     : forall (R : ?T0 -> ?T1 -> Prop) (f : ?T2 -> ?T4) (g : ?T3 -> ?T1),
       (?T4 -> ?T5 -> ?T0) -> (?T2 -> ?T5 -> ?T3) -> Prop
where
?T : [ |- Type]
?T0 : [ |- ?T]
?T0 : [T0 := ?T0 : ?T |- Type]
?T1 : [T0 := ?T0 : ?T |- Type]
?T2 : [T0 := ?T0 : ?T  R : ?T0 -> ?T1 -> Prop |- Type]
?T3 : [T0 := ?T0 : ?T  R : ?T0 -> ?T1 -> Prop  f : ?T2 -> ?T4 |- Type]
?T4 : [T0 := ?T0 : ?T  R : ?T0 -> ?T1 -> Prop  f : ?T2 -> ?T4  g : ?T3 -> ?T1
      |- Type] (f, g cannot be used)
?T5 : [T0 := ?T0 : ?T
       R : ?T0 -> ?T1 -> Prop
       f : ?T2 -> ?T4
       g : ?T3 -> ?T1
       k : ?T4 -> ?T5 -> ?T0 |- Type] (k cannot be used)
